<?xml version="1.0" encoding="UTF-8"?>
<beans xmlns="http://www.springframework.org/schema/beans"
 xmlns:p="http://www.springframework.org/schema/p"
 xmlns:xsi="http://www.w3.org/2001/XMLSchema-instance"
 xmlns:context="http://www.springframework.org/schema/context"
 xsi:schemaLocation="http://www.springframework.org/schema/beans 
 http://www.springframework.org/schema/beans/spring-beans.xsd
 http://www.springframework.org/schema/context  
 http://www.springframework.org/schema/context/spring-context-3.0.xsd">
 	        
    <bean id="provRdfXmlProcessorTest" class="org.dataone.cn.indexer.resourcemap.RdfXmlProcessorTest"/>

    <bean id="provAlaWaiNS02MatlabProcessing2RDF" class="org.springframework.core.io.ClassPathResource" >
        <constructor-arg type="java.lang.String" 
        value="org/dataone/cn/indexer/resourcemap/resources/ala-wai-ns02-matlab-processing.2/ala-wai-ns02-matlab-processing.2.rdf"/>
    </bean>
     
    <bean id="provAlaWaiNS02MatlabProcessingDataProcessor1m" class="org.springframework.core.io.ClassPathResource" >
        <constructor-arg type="java.lang.String" 
        value="org/dataone/cn/indexer/resourcemap/resources/ala-wai-ns02-matlab-processing-DataProcessor.1/ala-wai-ns02-matlab-processing-DataProcessor.1.m"/>
    </bean>

    <bean id="provAlaWaiNS02MatlabProcessingDataProcessor1mSys" class="org.springframework.core.io.ClassPathResource" >
        <constructor-arg type="java.lang.String" 
        value="org/dataone/cn/indexer/resourcemap/resources/ala-wai-ns02-matlab-processing-DataProcessor.1/systemmetadata.xml"/>
    </bean>

    <bean id="provAlaWaiNS02MatlabProcessingConfigure1m" class="org.springframework.core.io.ClassPathResource" >
        <constructor-arg type="java.lang.String" 
        value="org/dataone/cn/indexer/resourcemap/resources/ala-wai-ns02-matlab-processing-Configure.1/ala-wai-ns02-matlab-processing-Configure.1.m"/>
    </bean>

    <bean id="provAlaWaiNS02MatlabProcessingConfigure1mSys" class="org.springframework.core.io.ClassPathResource" >
        <constructor-arg type="java.lang.String" 
        value="org/dataone/cn/indexer/resourcemap/resources/ala-wai-ns02-matlab-processing-Configure.1/systemmetadata.xml"/>
    </bean>

    <bean id="provAlaWaiNS02MatlabProcessingScheduleAW02XX_001CTDXXXXR00Processing1m" class="org.springframework.core.io.ClassPathResource" >
        <constructor-arg type="java.lang.String" 
        value="org/dataone/cn/indexer/resourcemap/resources/ala-wai-ns02-matlab-processing-schedule_AW02XX_001CTDXXXXR00_processing.1/ala-wai-ns02-matlab-processing-schedule_AW02XX_001CTDXXXXR00_processing.1.m"/>
    </bean>

    <bean id="provAlaWaiNS02MatlabProcessingScheduleAW02XX_001CTDXXXXR00Processing1mSys" class="org.springframework.core.io.ClassPathResource" >
        <constructor-arg type="java.lang.String" 
        value="org/dataone/cn/indexer/resourcemap/resources/ala-wai-ns02-matlab-processing-schedule_AW02XX_001CTDXXXXR00_processing.1/systemmetadata.xml"/>
    </bean>

    <bean id="provAlaWaiNS02MatlabProcessingEML1xml" class="org.springframework.core.io.ClassPathResource" >
        <constructor-arg type="java.lang.String" 
        value="org/dataone/cn/indexer/resourcemap/resources/ala-wai-ns02-matlab-processing.eml.1/ala-wai-ns02-matlab-processing.eml.1.xml"/>
    </bean>

    <bean id="provAlaWaiNS02MatlabProcessingEML1xmlSys" class="org.springframework.core.io.ClassPathResource" >
        <constructor-arg type="java.lang.String" 
        value="org/dataone/cn/indexer/resourcemap/resources/ala-wai-ns02-matlab-processing.eml.1/systemmetadata.xml"/>
    </bean>
    
    <bean id="provAlaWaiNS02CTDData1txt" class="org.springframework.core.io.ClassPathResource" >
        <constructor-arg type="java.lang.String" 
        value="org/dataone/cn/indexer/resourcemap/resources/ala-wai-ns02-ctd-data.1/ala-wai-ns02-ctd-data.1.txt"/>
    </bean>

    <bean id="provAlaWaiNS02ImageDataAW02XX_001CTDXXXXR00_20150203_10day1jpg" class="org.springframework.core.io.ClassPathResource" >
        <constructor-arg type="java.lang.String" 
        value="org/dataone/cn/indexer/resourcemap/resources/ala-wai-ns02-image-data-AW02XX_001CTDXXXXR00_20150203_10day.1/ala-wai-ns02-image-data-AW02XX_001CTDXXXXR00_20150203_10day.1.jpg"/>
    </bean>
    
    <bean id="portalTestDoc" class="org.springframework.core.io.ClassPathResource" >
        <constructor-arg type="java.lang.String"
        value="org/dataone/cn/index/resources/d1_testdocs/portal/portal/portal.xml"/>
    </bean>
    
     <bean id="eml220TestDocSciMeta" class="org.springframework.core.io.ClassPathResource" >
        <constructor-arg type="java.lang.String"
        value="org/dataone/cn/index/resources/d1_testdocs/eml220/eml220testdocscimeta/eml220testdocscimeta.xml"/>
     </bean>
     
     <bean id="partResourceMap" class="org.springframework.core.io.ClassPathResource" >
        <constructor-arg type="java.lang.String"
        value="org/dataone/cn/indexer/resourcemap/resources/resourcemap-with-part/resourcemap-with-part.xml"/>
     </bean>

</beans>
